{
  "stats": {
    "suites": 1,
    "tests": 1,
    "passes": 1,
    "pending": 0,
    "failures": 0,
    "start": "2020-06-25T20:27:26.061Z",
    "end": "2020-06-25T20:27:38.810Z",
    "duration": 12749,
    "testsRegistered": 1,
    "passPercent": 100,
    "pendingPercent": 0,
    "other": 0,
    "hasOther": false,
    "skipped": 0,
    "hasSkipped": false
  },
  "results": [
    {
      "uuid": "2772c8af-eaaf-4e2b-ae79-1d7ef1cbc6ca",
      "title": "",
      "fullFile": "cypress/integration/Examples/framework.spec.js",
      "file": "cypress/integration/Examples/framework.spec.js",
      "beforeHooks": [],
      "afterHooks": [],
      "tests": [],
      "suites": [
        {
          "uuid": "d646f55a-b3ed-4f27-95c0-cb6a254d3ede",
          "title": "Framework",
          "fullFile": "",
          "file": "",
          "beforeHooks": [],
          "afterHooks": [],
          "tests": [
            {
              "title": "My Cypress framework",
              "fullTitle": "Framework My Cypress framework",
              "timedOut": null,
              "duration": 10514,
              "state": "passed",
              "speed": "slow",
              "pass": true,
              "fail": false,
              "pending": false,
              "context": null,
              "code": "var homePage = new _HomePage[\"default\"]();\nvar productPage = new _ProductPage[\"default\"]();\ncy.visit(Cypress.env(\"url\"));\nhomePage.getName().type(this.data.name);\nhomePage.getGender().select(this.data.gender);\nhomePage.getName().should(\"have.value\", this.data.name);\ncy.get(\"form div:nth-child(1) input\").should(\"have.attr\", \"minlength\", \"2\");\ncy.contains(\"Shop\").click(); // cy.get(\"h4.card-title\").each(($el, index, $list) =>\n// {\n//     if($el.text().includes(\"Blackberry\")){\n//         cy.get(\"button.btn.btn-info\").eq(index).click()\n//     }\n// })\nthis.data.productName.forEach(function (element) {\n  ;\n  cy.SelectProduct(element);\n});\nproductPage.CheckOut().click();\nvar sum = 0;\ncy.get('tr td:nth-child(4) strong').each(function ($el, index, $list) {\n  var amount = $el.text();\n  var res = amount.split(\" \");\n  res = res[1].trim();\n  sum = Number(sum) + Number(res);\n}).then(function () {\n  cy.log(sum);\n});\ncy.get('h3 strong').then(function (element) {\n  var amount = element.text();\n  var res = amount.split(\" \");\n  var total = res[1].trim();\n  expect(Number(total)).to.equal(sum);\n});\ncy.contains(\"Checkout\").click();\ncy.get(\"#country\").type(\"india\");\ncy.get('div.suggestions > ul > li > a').click();\ncy.get('#checkbox2').click({\n  force: true\n});\ncy.get('input[type=\"submit\"]').click(); //cy.get('.alert').should('have.text','Success! Thank you! Your order will be delivered in next few weeks :-).')\ncy.get('.alert').then(function (element) {\n  var actualText = element.text();\n  expect(actualText.includes(\"Success\")).to.be[\"true\"];\n});",
              "err": {},
              "uuid": "52e737ec-628b-4dab-bc70-4e602730b751",
              "parentUUID": "d646f55a-b3ed-4f27-95c0-cb6a254d3ede",
              "isHook": false,
              "skipped": false
            }
          ],
          "suites": [],
          "passes": [
            "52e737ec-628b-4dab-bc70-4e602730b751"
          ],
          "failures": [],
          "pending": [],
          "skipped": [],
          "duration": 10514,
          "root": false,
          "rootEmpty": false,
          "_timeout": 2000
        }
      ],
      "passes": [],
      "failures": [],
      "pending": [],
      "skipped": [],
      "duration": 0,
      "root": true,
      "rootEmpty": true,
      "_timeout": 2000
    }
  ],
  "meta": {
    "mocha": {
      "version": "7.0.1"
    },
    "mochawesome": {
      "options": {
        "quiet": false,
        "reportFilename": "mochawesome",
        "saveHtml": true,
        "saveJson": true,
        "consoleReporter": "spec",
        "useInlineDiffs": false,
        "code": true
      },
      "version": "6.1.1"
    },
    "marge": {
      "options": {},
      "version": "5.1.0"
    }
  }
}